<?xml version="1.0" encoding="utf-8"?><testsuites name="pytest tests"><testsuite name="pytest" errors="0" failures="0" skipped="0" tests="20" time="5.994" timestamp="2026-05-07T20:58:22.638661+00:00" hostname="agent-env-6b238497-c7d1-4bd8-b14c-c8f62b9b217d"><testcase classname="backend_test" name="test_health" time="0.211" /><testcase classname="backend_test" name="test_register_alice" time="0.342" /><testcase classname="backend_test" name="test_register_bob" time="0.321" /><testcase classname="backend_test" name="test_register_duplicate_email" time="0.127" /><testcase classname="backend_test" name="test_login_alice" time="0.337" /><testcase classname="backend_test" name="test_login_invalid" time="0.344" /><testcase classname="backend_test" name="test_me_with_bearer" time="0.116" /><testcase classname="backend_test" name="test_me_no_auth" time="0.151" /><testcase classname="backend_test" name="test_search_users_by_username" time="0.109" /><testcase classname="backend_test" name="test_search_users_empty_query" time="0.138" /><testcase classname="backend_test" name="test_create_conversation" time="0.147" /><testcase classname="backend_test" name="test_create_conversation_returns_existing" time="0.132" /><testcase classname="backend_test" name="test_list_conversations" time="0.113" /><testcase classname="backend_test" name="test_send_message" time="0.145" /><testcase classname="backend_test" name="test_get_messages_marks_read" time="0.289" /><testcase classname="backend_test" name="test_send_message_to_invalid_conv" time="0.124" /><testcase classname="backend_test" name="test_get_messages_unauthorized_conv" time="0.476" /><testcase classname="backend_test" name="test_websocket_message_delivery" time="0.687" /><testcase classname="backend_test" name="test_websocket_invalid_token" time="0.246" /><testcase classname="backend_test" name="test_websocket_typing_and_call_signaling" time="1.355" /></testsuite></testsuites>