<?xml version="1.0" encoding="utf-8"?><testsuites name="pytest tests"><testsuite name="pytest" errors="0" failures="0" skipped="0" tests="39" time="12.249" timestamp="2026-05-07T21:15:00.816367+00:00" hostname="agent-env-6b238497-c7d1-4bd8-b14c-c8f62b9b217d"><testcase classname="backend.tests.backend_test" name="test_health" time="0.367" /><testcase classname="backend.tests.backend_test" name="test_register_alice" time="0.461" /><testcase classname="backend.tests.backend_test" name="test_register_bob" time="0.464" /><testcase classname="backend.tests.backend_test" name="test_register_duplicate_email" time="0.174" /><testcase classname="backend.tests.backend_test" name="test_login_alice" time="0.357" /><testcase classname="backend.tests.backend_test" name="test_login_invalid" time="0.362" /><testcase classname="backend.tests.backend_test" name="test_me_with_bearer" time="0.122" /><testcase classname="backend.tests.backend_test" name="test_me_no_auth" time="0.191" /><testcase classname="backend.tests.backend_test" name="test_search_users_by_username" time="0.153" /><testcase classname="backend.tests.backend_test" name="test_search_users_empty_query" time="0.146" /><testcase classname="backend.tests.backend_test" name="test_create_conversation" time="0.218" /><testcase classname="backend.tests.backend_test" name="test_create_conversation_returns_existing" time="0.320" /><testcase classname="backend.tests.backend_test" name="test_list_conversations" time="0.129" /><testcase classname="backend.tests.backend_test" name="test_send_message" time="0.123" /><testcase classname="backend.tests.backend_test" name="test_get_messages_marks_read" time="0.229" /><testcase classname="backend.tests.backend_test" name="test_send_message_to_invalid_conv" time="0.122" /><testcase classname="backend.tests.backend_test" name="test_get_messages_unauthorized_conv" time="0.526" /><testcase classname="backend.tests.backend_test" name="test_websocket_message_delivery" time="0.710" /><testcase classname="backend.tests.backend_test" name="test_websocket_invalid_token" time="0.210" /><testcase classname="backend.tests.backend_test" name="test_websocket_typing_and_call_signaling" time="1.462" /><testcase classname="backend.tests.backend_test" name="test_update_profile_name_bio_avatar" time="0.296" /><testcase classname="backend.tests.backend_test" name="test_update_profile_partial" time="0.186" /><testcase classname="backend.tests.backend_test" name="test_update_profile_unauth" time="0.099" /><testcase classname="backend.tests.backend_test" name="test_friends_status_initial_none" time="0.117" /><testcase classname="backend.tests.backend_test" name="test_friend_request_send" time="0.114" /><testcase classname="backend.tests.backend_test" name="test_friend_request_duplicate_send" time="0.140" /><testcase classname="backend.tests.backend_test" name="test_friend_request_to_self" time="0.157" /><testcase classname="backend.tests.backend_test" name="test_friends_status_pending_in_for_bob" time="0.147" /><testcase classname="backend.tests.backend_test" name="test_friends_status_pending_out_for_alice" time="0.119" /><testcase classname="backend.tests.backend_test" name="test_list_friend_requests_for_bob" time="0.119" /><testcase classname="backend.tests.backend_test" name="test_search_includes_friendship_status" time="0.132" /><testcase classname="backend.tests.backend_test" name="test_friend_request_accept" time="0.139" /><testcase classname="backend.tests.backend_test" name="test_friends_list_after_accept" time="0.144" /><testcase classname="backend.tests.backend_test" name="test_friends_status_friends" time="0.117" /><testcase classname="backend.tests.backend_test" name="test_search_friendship_status_friends" time="0.151" /><testcase classname="backend.tests.backend_test" name="test_friend_auto_accept_on_mutual_request" time="1.014" /><testcase classname="backend.tests.backend_test" name="test_remove_friend" time="0.238" /><testcase classname="backend.tests.backend_test" name="test_friend_request_reject_flow" time="0.408" /><testcase classname="backend.tests.backend_test" name="test_ws_friend_request_event" time="1.442" /></testsuite></testsuites>